<?xml version="1.0" encoding="UTF-8"?>
<testsuite xmlns:xsi="http://www.w3.org/2001/XMLSchema-instance" xsi:noNamespaceSchemaLocation="https://maven.apache.org/surefire/maven-surefire-plugin/xsd/surefire-test-report.xsd" name="TestGestionBiblioteca" time="0.049" tests="25" errors="0" skipped="0" failures="0">
  <properties>
    <property name="java.specification.version" value="24"/>
    <property name="sun.cpu.isalist" value="amd64"/>
    <property name="sun.jnu.encoding" value="Cp1252"/>
    <property name="java.class.path" value="C:\Users\jacks\OneDrive\Documents\NetBeansProjects\lab-testing\target\test-classes;C:\Users\jacks\OneDrive\Documents\NetBeansProjects\lab-testing\target\classes;C:\Users\jacks\.m2\repository\junit\junit\4.13.2\junit-4.13.2.jar;C:\Users\jacks\.m2\repository\org\hamcrest\hamcrest-core\1.3\hamcrest-core-1.3.jar;"/>
    <property name="java.vm.vendor" value="Azul Systems, Inc."/>
    <property name="sun.arch.data.model" value="64"/>
    <property name="user.variant" value=""/>
    <property name="java.vendor.url" value="http://www.azul.com/"/>
    <property name="user.timezone" value="America/Lima"/>
    <property name="os.name" value="Windows 11"/>
    <property name="java.vm.specification.version" value="24"/>
    <property name="user.country" value="PE"/>
    <property name="sun.java.launcher" value="SUN_STANDARD"/>
    <property name="sun.boot.library.path" value="C:\Program Files\Apache NetBeans\jdk\bin"/>
    <property name="sun.java.command" value="C:\Users\jacks\AppData\Local\Temp\surefire6872225708001333435\surefirebooter13062073656209856968.jar C:\Users\jacks\AppData\Local\Temp\surefire6872225708001333435 2025-10-22T19-07-15_149-jvmRun1 surefire15891034334200048896tmp surefire_014657891472905132288tmp"/>
    <property name="jdk.debug" value="release"/>
    <property name="test" value="TestGestionBiblioteca"/>
    <property name="surefire.test.class.path" value="C:\Users\jacks\OneDrive\Documents\NetBeansProjects\lab-testing\target\test-classes;C:\Users\jacks\OneDrive\Documents\NetBeansProjects\lab-testing\target\classes;C:\Users\jacks\.m2\repository\junit\junit\4.13.2\junit-4.13.2.jar;C:\Users\jacks\.m2\repository\org\hamcrest\hamcrest-core\1.3\hamcrest-core-1.3.jar;"/>
    <property name="sun.cpu.endian" value="little"/>
    <property name="user.home" value="C:\Users\jacks"/>
    <property name="user.language" value="es"/>
    <property name="java.specification.vendor" value="Oracle Corporation"/>
    <property name="java.version.date" value="2025-07-15"/>
    <property name="java.home" value="C:\Program Files\Apache NetBeans\jdk"/>
    <property name="file.separator" value="\"/>
    <property name="basedir" value="C:\Users\jacks\OneDrive\Documents\NetBeansProjects\lab-testing"/>
    <property name="java.vm.compressedOopsMode" value="Zero based"/>
    <property name="line.separator" value="&#10;"/>
    <property name="java.vm.specification.vendor" value="Oracle Corporation"/>
    <property name="java.specification.name" value="Java Platform API Specification"/>
    <property name="surefire.real.class.path" value="C:\Users\jacks\AppData\Local\Temp\surefire6872225708001333435\surefirebooter13062073656209856968.jar"/>
    <property name="user.script" value=""/>
    <property name="sun.management.compiler" value="HotSpot 64-Bit Tiered Compilers"/>
    <property name="java.runtime.version" value="24.0.2+12"/>
    <property name="user.name" value="jacks"/>
    <property name="stdout.encoding" value="Cp1252"/>
    <property name="path.separator" value=";"/>
    <property name="os.version" value="10.0"/>
    <property name="java.runtime.name" value="OpenJDK Runtime Environment"/>
    <property name="file.encoding" value="UTF-8"/>
    <property name="java.vm.name" value="OpenJDK 64-Bit Server VM"/>
    <property name="java.vendor.version" value="Zulu24.32+13-CA"/>
    <property name="maven.ext.class.path" value="C:\Program Files\Apache NetBeans\java\maven-nblib\netbeans-eventspy.jar"/>
    <property name="localRepository" value="C:\Users\jacks\.m2\repository"/>
    <property name="java.vendor.url.bug" value="http://www.azul.com/support/"/>
    <property name="java.io.tmpdir" value="C:\Users\jacks\AppData\Local\Temp\"/>
    <property name="java.version" value="24.0.2"/>
    <property name="user.dir" value="C:\Users\jacks\OneDrive\Documents\NetBeansProjects\lab-testing"/>
    <property name="os.arch" value="amd64"/>
    <property name="java.vm.specification.name" value="Java Virtual Machine Specification"/>
    <property name="sun.os.patch.level" value=""/>
    <property name="native.encoding" value="Cp1252"/>
    <property name="java.library.path" value="C:\Program Files\Apache NetBeans\jdk\bin;C:\WINDOWS\Sun\Java\bin;C:\WINDOWS\system32;C:\WINDOWS;C:\Program Files\Mozilla Firefox;C:\WINDOWS\system32;C:\WINDOWS;C:\WINDOWS\System32\Wbem;C:\WINDOWS\System32\WindowsPowerShell\v1.0\;C:\WINDOWS\System32\OpenSSH\;C:\Users\jacks\AppData\Local\Microsoft\WindowsApps;;."/>
    <property name="java.vm.info" value="mixed mode, sharing"/>
    <property name="stderr.encoding" value="Cp1252"/>
    <property name="java.vendor" value="Azul Systems, Inc."/>
    <property name="java.vm.version" value="24.0.2+12"/>
    <property name="sun.io.unicode.encoding" value="UnicodeLittle"/>
    <property name="java.class.version" value="68.0"/>
  </properties>
  <testcase name="testObtenerLibrosNuncaEsNull" classname="TestGestionBiblioteca" time="0.004"/>
  <testcase name="testLibroNoDisponible" classname="TestGestionBiblioteca" time="0"/>
  <testcase name="testCalcularPrecioDescuento100" classname="TestGestionBiblioteca" time="0"/>
  <testcase name="testLibroDisponibleDespuesDeAgregar" classname="TestGestionBiblioteca" time="0"/>
  <testcase name="testObtenerLibrosVacioInicial" classname="TestGestionBiblioteca" time="0"/>
  <testcase name="testObtenerLibrosDespuesDeAgregar" classname="TestGestionBiblioteca" time="0"/>
  <testcase name="testAgregarLibroDuplicado" classname="TestGestionBiblioteca" time="0"/>
  <testcase name="testLibroCadenaVaciaNoDisponible" classname="TestGestionBiblioteca" time="0.001"/>
  <testcase name="testCategoriaValoresLimite" classname="TestGestionBiblioteca" time="0"/>
  <testcase name="testCategoriaPrincipiante" classname="TestGestionBiblioteca" time="0"/>
  <testcase name="testCalcularPrecioSinDescuento" classname="TestGestionBiblioteca" time="0"/>
  <testcase name="testCalcularPrecioPrecioNegativo" classname="TestGestionBiblioteca" time="0"/>
  <testcase name="testAgregarLibroNull" classname="TestGestionBiblioteca" time="0"/>
  <testcase name="testCategoriaConNumeroNegativo" classname="TestGestionBiblioteca" time="0"/>
  <testcase name="testAgregarLibroCadenaVacia" classname="TestGestionBiblioteca" time="0.001"/>
  <testcase name="testCalcularPrecioDescuentoInvalido" classname="TestGestionBiblioteca" time="0"/>
  <testcase name="testCategoriaIntermedio" classname="TestGestionBiblioteca" time="0"/>
  <testcase name="testCategoriaExperto" classname="TestGestionBiblioteca" time="0"/>
  <testcase name="testCalcularPrecioConDescuento50" classname="TestGestionBiblioteca" time="0.001"/>
  <testcase name="testAgregarLibroConEspacios" classname="TestGestionBiblioteca" time="0"/>
  <testcase name="testCategoriaAvanzado" classname="TestGestionBiblioteca" time="0"/>
  <testcase name="testObtenerLibrosRetornaCopia" classname="TestGestionBiblioteca" time="0"/>
  <testcase name="testFlujoCompletoGestionBiblioteca" classname="TestGestionBiblioteca" time="0"/>
  <testcase name="testLibroNullNoDisponible" classname="TestGestionBiblioteca" time="0"/>
  <testcase name="testAgregarLibroExitoso" classname="TestGestionBiblioteca" time="0.001"/>
</testsuite>